<?xml version="1.0" encoding="UTF-8"?>
<!-- Generated by org.testng.reporters.JUnitXMLReporter -->
<testsuite ignored="2" hostname="bdc11-l-4316d5y" failures="0" tests="2" name="Test" time="65.719" errors="0" timestamp="2025-03-16T16:24:10 IST">
  <testcase classname="com.tests.HomePage_Admin_SearchRecords" name="TestSearchRecords" time="13.842"/>
  <testcase classname="com.tests.LoginPage" name="testlogin" time="18.397"/>
  <testcase classname="com.common.BaseClass" name="@BeforeTest init" time="0.0">
    <ignored/>
  </testcase> <!-- @BeforeTest init -->
  <testcase classname="com.common.BaseClass" name="@AfterTest tearDown" time="0.0">
    <ignored/>
  </testcase> <!-- @AfterTest tearDown -->
</testsuite> <!-- Test -->
