<?xml version="1.0" encoding="UTF-8"?>
<testng-results ignored="0" total="2" passed="2" failed="0" skipped="0">
  <reporter-output>
  </reporter-output>
  <suite started-at="2025-03-15T23:27:25 IST" name="Suite" finished-at="2025-03-15T23:28:03 IST" duration-ms="37524">
    <groups>
    </groups>
    <test started-at="2025-03-15T23:27:25 IST" name="Test" finished-at="2025-03-15T23:28:03 IST" duration-ms="37524">
      <class name="com.tests.LoginPage">
        <test-method is-config="true" signature="setup()[pri:0, instance:com.tests.LoginPage@cd3fee8]" started-at="2025-03-15T23:27:48 IST" name="setup" finished-at="2025-03-15T23:28:00 IST" duration-ms="11746" status="PASS">
          <reporter-output>
          </reporter-output>
        </test-method> <!-- setup -->
        <test-method signature="testlogin()[pri:0, instance:com.tests.LoginPage@cd3fee8]" started-at="2025-03-15T23:28:00 IST" name="testlogin" finished-at="2025-03-15T23:28:03 IST" duration-ms="2993" status="PASS">
          <reporter-output>
          </reporter-output>
        </test-method> <!-- testlogin -->
      </class> <!-- com.tests.LoginPage -->
      <class name="com.tests.HomePage_Admin_SearchRecords">
        <test-method is-config="true" signature="setup()[pri:0, instance:com.tests.HomePage_Admin_SearchRecords@3c130745]" started-at="2025-03-15T23:27:25 IST" name="setup" finished-at="2025-03-15T23:27:37 IST" duration-ms="11392" status="PASS">
          <reporter-output>
          </reporter-output>
        </test-method> <!-- setup -->
        <test-method signature="TestSearchRecords()[pri:0, instance:com.tests.HomePage_Admin_SearchRecords@3c130745]" started-at="2025-03-15T23:27:37 IST" name="TestSearchRecords" finished-at="2025-03-15T23:27:48 IST" duration-ms="11315" status="PASS">
          <reporter-output>
          </reporter-output>
        </test-method> <!-- TestSearchRecords -->
      </class> <!-- com.tests.HomePage_Admin_SearchRecords -->
    </test> <!-- Test -->
  </suite> <!-- Suite -->
</testng-results>
