<?xml version="1.0" encoding="UTF-8"?>
<testng-results ignored="0" total="2" passed="2" failed="0" skipped="0">
  <reporter-output>
  </reporter-output>
  <suite started-at="2025-03-16T16:23:04 IST" name="Suite" finished-at="2025-03-16T16:24:10 IST" duration-ms="65719">
    <groups>
    </groups>
    <test started-at="2025-03-16T16:23:04 IST" name="Test" finished-at="2025-03-16T16:24:10 IST" duration-ms="65719">
      <class name="com.tests.LoginPage">
        <test-method is-config="true" signature="setup()[pri:0, instance:com.tests.LoginPage@7dcf94f8]" started-at="2025-03-16T16:23:50 IST" name="setup" finished-at="2025-03-16T16:23:50 IST" duration-ms="1" status="PASS">
          <reporter-output>
          </reporter-output>
        </test-method> <!-- setup -->
        <test-method signature="testlogin()[pri:0, instance:com.tests.LoginPage@7dcf94f8]" started-at="2025-03-16T16:23:50 IST" name="testlogin" finished-at="2025-03-16T16:24:08 IST" duration-ms="18397" status="PASS">
          <reporter-output>
          </reporter-output>
        </test-method> <!-- testlogin -->
        <test-method is-config="true" signature="closeUp()[pri:0, instance:com.tests.LoginPage@7dcf94f8]" started-at="2025-03-16T16:24:08 IST" name="closeUp" finished-at="2025-03-16T16:24:09 IST" duration-ms="973" status="PASS">
          <reporter-output>
          </reporter-output>
        </test-method> <!-- closeUp -->
      </class> <!-- com.tests.LoginPage -->
      <class name="com.tests.HomePage_Admin_SearchRecords">
        <test-method is-config="true" signature="init()[pri:0, instance:com.tests.HomePage_Admin_SearchRecords@5aa9e4eb]" started-at="2025-03-16T16:23:04 IST" name="init" finished-at="2025-03-16T16:23:05 IST" duration-ms="634" status="PASS">
          <reporter-output>
          </reporter-output>
        </test-method> <!-- init -->
        <test-method is-config="true" signature="setup()[pri:0, instance:com.tests.HomePage_Admin_SearchRecords@5aa9e4eb]" started-at="2025-03-16T16:23:05 IST" name="setup" finished-at="2025-03-16T16:23:16 IST" duration-ms="11314" status="PASS">
          <reporter-output>
          </reporter-output>
        </test-method> <!-- setup -->
        <test-method is-config="true" signature="clear()[pri:0, instance:com.tests.HomePage_Admin_SearchRecords@5aa9e4eb]" started-at="2025-03-16T16:23:16 IST" name="clear" finished-at="2025-03-16T16:23:35 IST" duration-ms="18568" status="PASS">
          <reporter-output>
          </reporter-output>
        </test-method> <!-- clear -->
        <test-method signature="TestSearchRecords()[pri:0, instance:com.tests.HomePage_Admin_SearchRecords@5aa9e4eb]" started-at="2025-03-16T16:23:35 IST" name="TestSearchRecords" finished-at="2025-03-16T16:23:49 IST" duration-ms="13842" status="PASS">
          <reporter-output>
          </reporter-output>
        </test-method> <!-- TestSearchRecords -->
        <test-method is-config="true" signature="closeUp()[pri:0, instance:com.tests.HomePage_Admin_SearchRecords@5aa9e4eb]" started-at="2025-03-16T16:23:49 IST" name="closeUp" finished-at="2025-03-16T16:23:50 IST" duration-ms="1200" status="PASS">
          <reporter-output>
          </reporter-output>
        </test-method> <!-- closeUp -->
        <test-method is-config="true" signature="tearDown()[pri:0, instance:com.tests.HomePage_Admin_SearchRecords@5aa9e4eb]" started-at="2025-03-16T16:24:09 IST" name="tearDown" finished-at="2025-03-16T16:24:10 IST" duration-ms="756" status="PASS">
          <reporter-output>
          </reporter-output>
        </test-method> <!-- tearDown -->
      </class> <!-- com.tests.HomePage_Admin_SearchRecords -->
    </test> <!-- Test -->
  </suite> <!-- Suite -->
</testng-results>
