<?xml version="1.0" encoding="UTF-8"?>
<testng-results ignored="0" total="1" passed="1" failed="0" skipped="0">
  <reporter-output>
  </reporter-output>
  <suite started-at="2025-03-16T15:22:16 IST" name="Default suite" finished-at="2025-03-16T15:22:45 IST" duration-ms="29573">
    <groups>
    </groups>
    <test started-at="2025-03-16T15:22:16 IST" name="Default test" finished-at="2025-03-16T15:22:45 IST" duration-ms="29573">
      <class name="com.tests.LoginPage">
        <test-method is-config="true" signature="init()[pri:0, instance:com.tests.LoginPage@2898ac89]" started-at="2025-03-16T15:22:16 IST" name="init" finished-at="2025-03-16T15:22:16 IST" duration-ms="860" status="PASS">
          <reporter-output>
          </reporter-output>
        </test-method> <!-- init -->
        <test-method is-config="true" signature="setup()[pri:0, instance:com.tests.LoginPage@2898ac89]" started-at="2025-03-16T15:22:16 IST" name="setup" finished-at="2025-03-16T15:22:26 IST" duration-ms="9907" status="PASS">
          <reporter-output>
          </reporter-output>
        </test-method> <!-- setup -->
        <test-method signature="testlogin()[pri:0, instance:com.tests.LoginPage@2898ac89]" started-at="2025-03-16T15:22:26 IST" name="testlogin" finished-at="2025-03-16T15:22:45 IST" duration-ms="18557" status="PASS">
          <reporter-output>
          </reporter-output>
        </test-method> <!-- testlogin -->
        <test-method is-config="true" signature="tearDown()[pri:0, instance:com.tests.LoginPage@2898ac89]" started-at="2025-03-16T15:22:45 IST" name="tearDown" finished-at="2025-03-16T15:22:45 IST" duration-ms="217" status="PASS">
          <reporter-output>
          </reporter-output>
        </test-method> <!-- tearDown -->
      </class> <!-- com.tests.LoginPage -->
    </test> <!-- Default test -->
  </suite> <!-- Default suite -->
</testng-results>
